INFO: [VRFC 10-2263] Analyzing SystemVerilog file "C:/Users/ytangdg/lab3_vivado/lab3_vivado.srcs/sources_1/new/axi4_lite_salve.sv" into library xil_defaultlib
INFO: [VRFC 10-311] analyzing module axi4_lite_slave
INFO: [VRFC 10-2263] Analyzing SystemVerilog file "C:/Users/ytangdg/lab3_vivado/lab3_vivado.srcs/sources_1/new/axi4_lite_slave_bram.sv" into library xil_defaultlib
INFO: [VRFC 10-311] analyzing module axi4_lite_slave_bram
INFO: [VRFC 10-2263] Analyzing SystemVerilog file "C:/Users/ytangdg/lab3_vivado/lab3_vivado.srcs/sources_1/new/axi4_lite_slave_conf.sv" into library xil_defaultlib
INFO: [VRFC 10-311] analyzing module axi4_lite_slave_conf
INFO: [VRFC 10-2263] Analyzing SystemVerilog file "C:/Users/ytangdg/lab3_vivado/lab3_vivado.srcs/sources_1/new/axi4_stream_slave_bram.sv" into library xil_defaultlib
INFO: [VRFC 10-311] analyzing module axi4_stream_slave_bram
INFO: [VRFC 10-2263] Analyzing SystemVerilog file "C:/Users/ytangdg/lab3_vivado/lab3_vivado.srcs/sources_1/new/booth4_op_generator.sv" into library xil_defaultlib
INFO: [VRFC 10-311] analyzing module booth4_op_generator
INFO: [VRFC 10-2263] Analyzing SystemVerilog file "C:/Users/ytangdg/lab3_vivado/lab3_vivado.srcs/sources_1/new/booth4wallace_multiplier_nbit.sv" into library xil_defaultlib
INFO: [VRFC 10-311] analyzing module booth4wallace_multiplier_nbit
INFO: [VRFC 10-2263] Analyzing SystemVerilog file "C:/Users/ytangdg/lab3_vivado/lab3_vivado.srcs/sources_1/new/bram_access_arbiter.sv" into library xil_defaultlib
INFO: [VRFC 10-311] analyzing module bram_access_arbiter
INFO: [VRFC 10-2263] Analyzing SystemVerilog file "C:/Users/ytangdg/lab3_vivado/lab3_vivado.srcs/sources_1/new/brent_kung_adder_nbit.sv" into library xil_defaultlib
INFO: [VRFC 10-311] analyzing module brent_kung_adder_nbit
INFO: [VRFC 10-2263] Analyzing SystemVerilog file "C:/Users/ytangdg/lab3_vivado/lab3_vivado.srcs/sources_1/new/data_ram_behav.sv" into library xil_defaultlib
INFO: [VRFC 10-311] analyzing module data_ram_behav
INFO: [VRFC 10-2263] Analyzing SystemVerilog file "C:/Users/ytangdg/lab3_vivado/lab3_vivado.srcs/sources_1/new/fir_core.sv" into library xil_defaultlib
INFO: [VRFC 10-311] analyzing module fir_core
INFO: [VRFC 10-2263] Analyzing SystemVerilog file "C:/Users/ytangdg/lab3_vivado/lab3_vivado.srcs/sources_1/new/fir_top.sv" into library xil_defaultlib
INFO: [VRFC 10-311] analyzing module fir_top
INFO: [VRFC 10-2263] Analyzing SystemVerilog file "C:/Users/ytangdg/lab3_vivado/lab3_vivado.srcs/sources_1/new/gp_unit.sv" into library xil_defaultlib
INFO: [VRFC 10-311] analyzing module gp_unit
INFO: [VRFC 10-2263] Analyzing SystemVerilog file "C:/Users/ytangdg/lab3_vivado/lab3_vivado.srcs/sources_1/new/onebit_adder.sv" into library xil_defaultlib
INFO: [VRFC 10-311] analyzing module onebit_adder
INFO: [VRFC 10-2263] Analyzing SystemVerilog file "C:/Users/ytangdg/lab3_vivado/lab3_vivado.srcs/sources_1/new/op_3_to_2_nbit.sv" into library xil_defaultlib
INFO: [VRFC 10-311] analyzing module op_3_to_2_nbit
INFO: [VRFC 10-2263] Analyzing SystemVerilog file "C:/Users/ytangdg/lab3_vivado/lab3_vivado.srcs/sources_1/new/op_n_to_2_nbit.sv" into library xil_defaultlib
INFO: [VRFC 10-311] analyzing module op_n_to_2_nbit
INFO: [VRFC 10-2263] Analyzing SystemVerilog file "C:/Users/ytangdg/lab3_vivado/lab3_vivado.srcs/sources_1/new/op_n_to_2_nbit_onestage.sv" into library xil_defaultlib
INFO: [VRFC 10-311] analyzing module op_n_to_2_nbit_onestage
INFO: [VRFC 10-2263] Analyzing SystemVerilog file "C:/Users/ytangdg/lab3_vivado/lab3_vivado.srcs/sources_1/new/tap_ram_behav.sv" into library xil_defaultlib
INFO: [VRFC 10-311] analyzing module tap_ram_behav
INFO: [VRFC 10-2263] Analyzing SystemVerilog file "C:/Users/ytangdg/lab3_vivado/lab3_vivado.srcs/sim_1/new/tb_fir.sv" into library xil_defaultlib
INFO: [VRFC 10-311] analyzing module tb_fir
