Vivado Simulator v2023.1
Copyright 1986-2022 Xilinx, Inc. All Rights Reserved.
Copyright 2022-2023 Advanced Micro Devices, Inc. All Rights Reserved.
Running: C:/Xilinx/Vivado/2023.1/bin/unwrapped/win64.o/xelab.exe --incr --debug typical --relax --mt 2 -L xil_defaultlib -L uvm -L unisims_ver -L unimacro_ver -L secureip -L xpm --snapshot tb_fir_behav xil_defaultlib.tb_fir xil_defaultlib.glbl -log elaborate.log 
Using 2 slave threads.
Starting static elaboration
Pass Through NonSizing Optimizer
Completed static elaboration
Starting simulation data flow analysis
Completed simulation data flow analysis
Time Resolution for simulation is 1ps
Compiling module xil_defaultlib.axi4_lite_slave_bram
Compiling module xil_defaultlib.axi4_lite_slave_conf
Compiling module xil_defaultlib.axi4_lite_slave
Compiling module xil_defaultlib.axi4_stream_slave_bram
Compiling module xil_defaultlib.bram_access_arbiter
Compiling module xil_defaultlib.onebit_adder
Compiling module xil_defaultlib.op_3_to_2_nbit(OP_WIDTH=5)
Compiling module xil_defaultlib.op_n_to_2_nbit_onestage(OP_WIDTH...
Compiling module xil_defaultlib.op_n_to_2_nbit_onestage(OP_WIDTH...
Compiling module xil_defaultlib.op_n_to_2_nbit_onestage(OP_WIDTH...
Compiling module xil_defaultlib.op_n_to_2_nbit_onestage(OP_WIDTH...
Compiling module xil_defaultlib.op_n_to_2_nbit_onestage(OP_WIDTH...
Compiling module xil_defaultlib.op_n_to_2_nbit_onestage(OP_WIDTH...
Compiling module xil_defaultlib.op_n_to_2_nbit(OP_NUM=17,OP_WIDT...
Compiling module xil_defaultlib.booth4_op_generator(ADDER_SIZE=6...
Compiling module xil_defaultlib.op_3_to_2_nbit_default
Compiling module xil_defaultlib.op_n_to_2_nbit_onestage(IN_OP_NU...
Compiling module xil_defaultlib.op_n_to_2_nbit_onestage(IN_OP_NU...
Compiling module xil_defaultlib.op_n_to_2_nbit_onestage(IN_OP_NU...
Compiling module xil_defaultlib.op_n_to_2_nbit_onestage(IN_OP_NU...
Compiling module xil_defaultlib.op_n_to_2_nbit_onestage(IN_OP_NU...
Compiling module xil_defaultlib.op_n_to_2_nbit_onestage(IN_OP_NU...
Compiling module xil_defaultlib.op_n_to_2_nbit_onestage(IN_OP_NU...
Compiling module xil_defaultlib.op_n_to_2_nbit(OP_NUM=19)
Compiling module xil_defaultlib.gp_unit
Compiling module xil_defaultlib.brent_kung_adder_nbit(ADDER_SIZE...
Compiling module xil_defaultlib.booth4wallace_multiplier_nbit_de...
Compiling module xil_defaultlib.brent_kung_adder_nbit(ADDER_SIZE...
Compiling module xil_defaultlib.fir_core_default
Compiling module xil_defaultlib.fir_top
Compiling module xil_defaultlib.tap_ram_behav
Compiling module xil_defaultlib.data_ram_behav
Compiling module xil_defaultlib.tb_fir
Compiling module xil_defaultlib.glbl
Built simulation snapshot tb_fir_behav
