Copyright 1986-2022 Xilinx, Inc. All Rights Reserved. Copyright 2022-2023 Advanced Micro Devices, Inc. All Rights Reserved.
---------------------------------------------------------------------------------------------------------------------------------------------
| Tool Version : Vivado v.2023.1 (win64) Build 3865809 Sun May  7 15:05:29 MDT 2023
| Date         : Sun Mar 23 19:11:20 2025
| Host         : CCVDIAI3007 running 64-bit major release  (build 9200)
| Command      : upgrade_ip
| Device       : xc7z020clg400-1
---------------------------------------------------------------------------------------------------------------------------------------------

Upgrade Log for IP 'tap_ram_blk_mem_gen_0_0'

1. Summary
----------

SUCCESS in the update of tap_ram_blk_mem_gen_0_0 (xilinx.com:ip:blk_mem_gen:8.4 (Rev. 6)) to current project options.






Copyright 1986-2022 Xilinx, Inc. All Rights Reserved. Copyright 2022-2023 Advanced Micro Devices, Inc. All Rights Reserved.
---------------------------------------------------------------------------------------------------------------------------------------------
| Tool Version : Vivado v.2023.1 (win64) Build 3865809 Sun May  7 15:05:29 MDT 2023
| Date         : Sun Mar 23 19:11:17 2025
| Host         : CCVDIAI3007 running 64-bit major release  (build 9200)
| Command      : upgrade_ip
| Device       : xc7z020clg400-1
---------------------------------------------------------------------------------------------------------------------------------------------

Upgrade Log for IP 'data_ram_c_shift_ram_0_0'

1. Summary
----------

SUCCESS in the update of data_ram_c_shift_ram_0_0 (xilinx.com:ip:c_shift_ram:12.0 (Rev. 14)) to current project options.

